[ 2023-05-19 11:06:10,637 ] 29 root - INFO - Data Ingestion Method Starts
[ 2023-05-19 11:06:10,948 ] 33 root - INFO - Data Claeing Part Starts
[ 2023-05-19 11:06:11,020 ] 71 root - INFO - Data Cleaing Part Is Done 
[ 2023-05-19 11:06:11,601 ] 76 root - INFO - Train Test Split
[ 2023-05-19 11:06:12,682 ] 82 root - INFO - Ingetion Of data Is complete
[ 2023-05-19 11:06:12,900 ] 73 root - INFO - Read train and test data completed
[ 2023-05-19 11:06:12,914 ] 74 root - INFO - Train Dataframe Head : 
   Delivery_person_Age Weather_conditions Road_traffic_density Type_of_order Type_of_vehicle  multiple_deliveries Festival           City  Time_taken (min)
0                 35.0             Stormy                  Jam        Drinks         scooter                  1.0       No  Metropolitian                35
1                 37.0              Windy               Medium          Meal      motorcycle                  1.0       No          Urban                21
2                 37.0         Sandstorms               Medium        Buffet         scooter                  1.0       No  Metropolitian                34
3                 39.0                Fog                  Low        Buffet         scooter                  1.0       No          Urban                17
4                 36.0             Stormy                  Jam         Snack      motorcycle                  0.0       No  Metropolitian                54
[ 2023-05-19 11:06:12,922 ] 75 root - INFO - Test Dataframe Head  : 
   Delivery_person_Age Weather_conditions Road_traffic_density Type_of_order Type_of_vehicle  multiple_deliveries Festival           City  Time_taken (min)
0                 39.0             Stormy                  Low        Drinks      motorcycle                  1.0       No          Urban                31
1                 26.0             Cloudy                  Low        Drinks         scooter                  0.0       No  Metropolitian                18
2                 32.0             Stormy                  Low        Buffet      motorcycle                  1.0       No  Metropolitian                27
3                 34.0              Windy                 High        Buffet      motorcycle                  1.0       No  Metropolitian                28
4                 34.0                Fog                  Low        Buffet      motorcycle                  0.0       No  Metropolitian                24
[ 2023-05-19 11:06:12,922 ] 77 root - INFO - Obtaining preprocessing object
[ 2023-05-19 11:06:12,922 ] 26 root - INFO - Data Transformation initiated
[ 2023-05-19 11:06:12,930 ] 32 root - INFO - Pipeline Initiated
[ 2023-05-19 11:06:13,296 ] 94 root - INFO - Applying preprocessing object on training and testing datasets.
[ 2023-05-19 11:06:13,311 ] 106 root - INFO - Preprocessor pickle file saved
[ 2023-05-19 11:06:13,312 ] 27 root - INFO - Splitting Dependent and Independent variables from train and test data
[ 2023-05-19 11:06:13,410 ] 55 root - INFO - Exception occured during model training
[ 2023-05-19 11:06:13,410 ] 67 root - INFO - Exception occured at Model Training
