[ 2023-05-19 11:08:38,243 ] 29 root - INFO - Data Ingestion Method Starts
[ 2023-05-19 11:08:38,488 ] 33 root - INFO - Data Claeing Part Starts
[ 2023-05-19 11:08:38,542 ] 71 root - INFO - Data Cleaing Part Is Done 
[ 2023-05-19 11:08:39,192 ] 76 root - INFO - Train Test Split
[ 2023-05-19 11:08:39,830 ] 82 root - INFO - Ingetion Of data Is complete
[ 2023-05-19 11:08:40,030 ] 73 root - INFO - Read train and test data completed
[ 2023-05-19 11:08:40,036 ] 74 root - INFO - Train Dataframe Head : 
   Delivery_person_Age Weather_conditions Road_traffic_density Type_of_order Type_of_vehicle  multiple_deliveries Festival           City  Time_taken (min)
0                 35.0             Stormy                  Jam        Drinks         scooter                  1.0       No  Metropolitian                35
1                 37.0              Windy               Medium          Meal      motorcycle                  1.0       No          Urban                21
2                 37.0         Sandstorms               Medium        Buffet         scooter                  1.0       No  Metropolitian                34
3                 39.0                Fog                  Low        Buffet         scooter                  1.0       No          Urban                17
4                 36.0             Stormy                  Jam         Snack      motorcycle                  0.0       No  Metropolitian                54
[ 2023-05-19 11:08:40,036 ] 75 root - INFO - Test Dataframe Head  : 
   Delivery_person_Age Weather_conditions Road_traffic_density Type_of_order Type_of_vehicle  multiple_deliveries Festival           City  Time_taken (min)
0                 39.0             Stormy                  Low        Drinks      motorcycle                  1.0       No          Urban                31
1                 26.0             Cloudy                  Low        Drinks         scooter                  0.0       No  Metropolitian                18
2                 32.0             Stormy                  Low        Buffet      motorcycle                  1.0       No  Metropolitian                27
3                 34.0              Windy                 High        Buffet      motorcycle                  1.0       No  Metropolitian                28
4                 34.0                Fog                  Low        Buffet      motorcycle                  0.0       No  Metropolitian                24
[ 2023-05-19 11:08:40,036 ] 77 root - INFO - Obtaining preprocessing object
[ 2023-05-19 11:08:40,036 ] 26 root - INFO - Data Transformation initiated
[ 2023-05-19 11:08:40,036 ] 32 root - INFO - Pipeline Initiated
[ 2023-05-19 11:08:40,274 ] 94 root - INFO - Applying preprocessing object on training and testing datasets.
[ 2023-05-19 11:08:40,289 ] 106 root - INFO - Preprocessor pickle file saved
[ 2023-05-19 11:08:40,292 ] 27 root - INFO - Splitting Dependent and Independent variables from train and test data
[ 2023-05-19 11:08:40,527 ] 45 root - INFO - Model Report : {'LinearRegression': 0.48859122014568934, 'Lasso': 0.39418611513667556, 'Ridge': 0.4883025835659446, 'Elasticnet': 0.40771626711971787}
[ 2023-05-19 11:08:40,541 ] 58 root - INFO - Best Model Found , Model Name : LinearRegression , R2 Score : 0.48859122014568934
